<?xml version="1.0" encoding="UTF-8"?>
<testng-results skipped="0" failed="0" total="1" passed="1">
  <reporter-output>
  </reporter-output>
  <suite name="Default suite" duration-ms="22632" started-at="2015-07-06T18:18:01Z" finished-at="2015-07-06T18:18:24Z">
    <groups>
    </groups>
    <test name="Default test" duration-ms="22632" started-at="2015-07-06T18:18:01Z" finished-at="2015-07-06T18:18:24Z">
      <class name="LivePageCheckEmailSubmit">
        <test-method status="PASS" signature="BeforeClass()[pri:0, instance:LivePageCheckEmailSubmit@852732d]" name="BeforeClass" is-config="true" duration-ms="15577" started-at="2015-07-06T20:18:01Z" finished-at="2015-07-06T20:18:17Z">
          <reporter-output>
          </reporter-output>
        </test-method> <!-- BeforeClass -->
        <test-method status="PASS" signature="test()[pri:0, instance:LivePageCheckEmailSubmit@852732d]" name="test" duration-ms="3437" started-at="2015-07-06T20:18:17Z" finished-at="2015-07-06T20:18:20Z">
          <reporter-output>
          </reporter-output>
        </test-method> <!-- test -->
        <test-method status="PASS" signature="ScreenshotWhenFail(org.testng.ITestResult)[pri:0, instance:LivePageCheckEmailSubmit@852732d]" name="ScreenshotWhenFail" is-config="true" duration-ms="1" started-at="2015-07-06T20:18:20Z" finished-at="2015-07-06T20:18:20Z">
          <params>
            <param index="0">
              <value>
                <![CDATA[[TestResult name=test status=SUCCESS method=LivePageCheckEmailSubmit.test()[pri:0, instance:LivePageCheckEmailSubmit@852732d] output={null}]]]>
              </value>
            </param>
          </params>
          <reporter-output>
          </reporter-output>
        </test-method> <!-- ScreenshotWhenFail -->
        <test-method status="PASS" signature="CloseConnection()[pri:0, instance:LivePageCheckEmailSubmit@852732d]" name="CloseConnection" is-config="true" duration-ms="3608" started-at="2015-07-06T20:18:20Z" finished-at="2015-07-06T20:18:24Z">
          <reporter-output>
          </reporter-output>
        </test-method> <!-- CloseConnection -->
      </class> <!-- LivePageCheckEmailSubmit -->
    </test> <!-- Default test -->
  </suite> <!-- Default suite -->
</testng-results>
